<?xml version="1.0" encoding="UTF-8"?>
<TestRun id="45ba1b96-764a-4b1f-8fba-0a3ea574a804" name="Aubergine@LAPTOP-3PIKHS2C 2020-12-19 14:54:30" runUser="LAPTOP-3PIKHS2C\Aubergine" xmlns="http://microsoft.com/schemas/VisualStudio/TeamTest/2010">
  <Times creation="2020-12-19T14:54:30.6600571+01:00" queuing="2020-12-19T14:54:30.6620523+01:00" start="2020-12-19T14:54:30.2291077+01:00" finish="2020-12-19T14:54:30.7428362+01:00" />
  <TestSettings name="default" id="96f08f72-89d0-44d0-9fc7-84d079c9986d">
    <Execution>
      <TestTypeSpecific />
    </Execution>
    <Deployment runDeploymentRoot="Aubergine_LAPTOP-3PIKHS2C 2020-12-19 14_54_30" />
    <Properties />
  </TestSettings>
  <Results>
    <UnitTestResult executionId="2adea2a8-1a35-4dd1-a25f-30cf113d6a3b" testId="419d394f-cabe-15a5-e00e-6ee3ad1354ad" testName="IsLeafTest" computerName="LAPTOP-3PIKHS2C" duration="00:00:00.0865832" startTime="2020-12-19T14:54:30.2291077+01:00" endTime="2020-12-19T14:54:30.5472553+01:00" testType="13cdc9d9-ddb5-4fa4-a97d-d965ccfc6d4b" outcome="Passed" testListId="8c84fa94-04c1-424b-9868-57a2d4851a1d" relativeResultsDirectory="2adea2a8-1a35-4dd1-a25f-30cf113d6a3b" />
  </Results>
  <TestDefinitions>
    <UnitTest name="IsLeafTest" storage="c:\users\aubergine\documents\yliopisto\tiralabra\tiralabra20-mapgenerator\mapseesharp\unittestmapseesharp\bin\release\unittestmapseesharp.dll" id="419d394f-cabe-15a5-e00e-6ee3ad1354ad">
      <Execution id="2adea2a8-1a35-4dd1-a25f-30cf113d6a3b" />
      <TestMethod codeBase="C:\Users\Aubergine\Documents\Yliopisto\Tiralabra\tiralabra20-mapgenerator\mapseesharp\UnitTestMapseesharp\bin\Release\UnitTestMapseesharp.dll" adapterTypeName="Microsoft.VisualStudio.TestTools.TestTypes.Unit.UnitTestAdapter" className="UnitTestMapseesharp.MaxHeapTest" name="IsLeafTest" />
    </UnitTest>
  </TestDefinitions>
  <TestEntries>
    <TestEntry testId="419d394f-cabe-15a5-e00e-6ee3ad1354ad" executionId="2adea2a8-1a35-4dd1-a25f-30cf113d6a3b" testListId="8c84fa94-04c1-424b-9868-57a2d4851a1d" />
  </TestEntries>
  <TestLists>
    <TestList name="Results Not in a List" id="8c84fa94-04c1-424b-9868-57a2d4851a1d" />
    <TestList name="All Loaded Results" id="19431567-8539-422a-85d7-44ee4e166bda" />
  </TestLists>
  <ResultSummary outcome="Completed">
    <Counters total="1" executed="1" passed="1" failed="0" error="0" timeout="0" aborted="0" inconclusive="0" passedButRunAborted="0" notRunnable="0" notExecuted="0" disconnected="0" warning="0" completed="0" inProgress="0" pending="0" />
  </ResultSummary>
</TestRun>