<?xml version="1.0" encoding="UTF-8"?>
<TestRun id="c9a69a74-2d8b-427f-acc7-e08d4d9f7e7b" name="Aubergine@LAPTOP-3PIKHS2C 2020-12-04 09:11:36" runUser="LAPTOP-3PIKHS2C\Aubergine" xmlns="http://microsoft.com/schemas/VisualStudio/TeamTest/2010">
  <Times creation="2020-12-04T09:11:36.6223042+02:00" queuing="2020-12-04T09:11:36.6264022+02:00" start="2020-12-04T09:11:35.8592729+02:00" finish="2020-12-04T09:11:36.7731904+02:00" />
  <TestSettings name="default" id="d94e416e-53c1-4098-b38f-f0cf3b228261">
    <Execution>
      <TestTypeSpecific />
    </Execution>
    <Deployment runDeploymentRoot="Aubergine_LAPTOP-3PIKHS2C 2020-12-04 09_11_36" />
    <Properties />
  </TestSettings>
  <Results>
    <UnitTestResult executionId="7f07cb3d-b5c0-43a6-a3b6-b1ebc7c49b3b" testId="19e6784b-c808-75f9-53b4-be986275b2dd" testName="TestMethod1" computerName="LAPTOP-3PIKHS2C" duration="00:00:00.3015059" startTime="2020-12-04T09:11:35.8592729+02:00" endTime="2020-12-04T09:11:36.4296282+02:00" testType="13cdc9d9-ddb5-4fa4-a97d-d965ccfc6d4b" outcome="Passed" testListId="8c84fa94-04c1-424b-9868-57a2d4851a1d" relativeResultsDirectory="7f07cb3d-b5c0-43a6-a3b6-b1ebc7c49b3b" />
  </Results>
  <TestDefinitions>
    <UnitTest name="TestMethod1" storage="c:\users\aubergine\documents\yliopisto\tiralabra\tiralabra20-mapgenerator\mapseesharp\unittestmapseesharp\bin\debug\unittestmapseesharp.dll" id="19e6784b-c808-75f9-53b4-be986275b2dd">
      <Execution id="7f07cb3d-b5c0-43a6-a3b6-b1ebc7c49b3b" />
      <TestMethod codeBase="C:\Users\Aubergine\Documents\Yliopisto\Tiralabra\tiralabra20-mapgenerator\mapseesharp\UnitTestMapseesharp\bin\Debug\UnitTestMapseesharp.dll" adapterTypeName="Microsoft.VisualStudio.TestTools.TestTypes.Unit.UnitTestAdapter" className="UnitTestMapseesharp.UnitTest1" name="TestMethod1" />
    </UnitTest>
  </TestDefinitions>
  <TestEntries>
    <TestEntry testId="19e6784b-c808-75f9-53b4-be986275b2dd" executionId="7f07cb3d-b5c0-43a6-a3b6-b1ebc7c49b3b" testListId="8c84fa94-04c1-424b-9868-57a2d4851a1d" />
  </TestEntries>
  <TestLists>
    <TestList name="Results Not in a List" id="8c84fa94-04c1-424b-9868-57a2d4851a1d" />
    <TestList name="All Loaded Results" id="19431567-8539-422a-85d7-44ee4e166bda" />
  </TestLists>
  <ResultSummary outcome="Completed">
    <Counters total="1" executed="1" passed="1" failed="0" error="0" timeout="0" aborted="0" inconclusive="0" passedButRunAborted="0" notRunnable="0" notExecuted="0" disconnected="0" warning="0" completed="0" inProgress="0" pending="0" />
  </ResultSummary>
</TestRun>